<?xml version="1.0" encoding="UTF-8"?>
<!-- Generated by org.testng.reporters.JUnitReportReporter -->
<testsuite hostname="PriscillaSelvin" failures="0" tests="1" name="TeestClasses.conditionsTest" time="5.094" errors="0" timestamp="2025-05-13T08:52:59 EDT" skipped="0">
  <testcase classname="TeestClasses.conditionsTest" name="executeConditions" time="5.094"/>
  <system-out>
    <![CDATA[My Test Case got passed]]>
  </system-out>
</testsuite> <!-- TeestClasses.conditionsTest -->
