<?xml version="1.0" encoding="UTF-8"?>
<!-- Generated by org.testng.reporters.JUnitReportReporter -->
<testsuite hostname="PriscillaSelvin" failures="0" tests="1" name="TeestClasses.appointmentTest" time="10.074" errors="0" timestamp="2025-05-13T08:52:59 EDT" skipped="0">
  <testcase classname="TeestClasses.appointmentTest" name="createAppointment" time="10.074"/>
  <system-out>
    <![CDATA[My Test Case got passed]]>
  </system-out>
</testsuite> <!-- TeestClasses.appointmentTest -->
