<?xml version="1.0" encoding="UTF-8"?>
<!-- Generated by org.testng.reporters.JUnitReportReporter -->
<testsuite hostname="PriscillaSelvin" failures="0" tests="1" name="TeestClasses.RegisterPatientTest" time="23.718" errors="0" timestamp="2025-05-13T08:52:59 EDT" skipped="0">
  <testcase classname="TeestClasses.RegisterPatientTest" name="addPatient" time="23.718"/>
  <system-out>
    <![CDATA[My Test Case got passed]]>
  </system-out>
</testsuite> <!-- TeestClasses.RegisterPatientTest -->
