<?xml version="1.0" encoding="UTF-8"?>
<!-- Generated by org.testng.reporters.JUnitReportReporter -->
<testsuite hostname="PriscillaSelvin" failures="0" tests="1" name="TeestClasses.exitvisitTest" time="6.429" errors="0" timestamp="2025-05-14T18:53:50 EDT" skipped="0">
  <testcase classname="TeestClasses.exitvisitTest" name="endVisit" time="6.429"/>
  <system-out>
    <![CDATA[My Test Case got passed]]>
  </system-out>
</testsuite> <!-- TeestClasses.exitvisitTest -->
