<?xml version="1.0" encoding="UTF-8"?>
<!-- Generated by org.testng.reporters.JUnitReportReporter -->
<testsuite hostname="PriscillaSelvin" failures="0" tests="1" name="TeestClasses.Extent_Report" time="0.021" errors="0" timestamp="2025-05-14T18:53:50 EDT" skipped="0">
  <testcase classname="TeestClasses.Extent_Report" name="demoTest" time="0.021"/>
  <system-out>
    <![CDATA[All scenarios passed
My Test Case got passed]]>
  </system-out>
</testsuite> <!-- TeestClasses.Extent_Report -->
